

Started GET "/" for ::1 at 2017-07-08 00:00:03 -0400
Processing by DashboardController#index as HTML
  Rendered dashboard/index.html.haml within layouts/application (1.9ms)
Completed 200 OK in 1016ms (Views: 1007.8ms | ActiveRecord: 0.0ms)


Started GET "/assets/application.self-e80e8f2318043e8af94dddc2adad5a4f09739a8ebb323b3ab31cd71d45fd9113.css?body=1" for ::1 at 2017-07-08 00:00:04 -0400


Started GET "/assets/jquery.self-660adc51e0224b731d29f575a6f1ec167ba08ad06ed5deca4f1e8654c135bf4c.js?body=1" for ::1 at 2017-07-08 00:00:04 -0400


Started GET "/assets/turbolinks.self-c37727e9bd6b2735da5c311aa83fead54ed0be6cc8bd9a65309e9c5abe2cbfff.js?body=1" for ::1 at 2017-07-08 00:00:04 -0400


Started GET "/assets/jquery_ujs.self-e87806d0cf4489aeb1bb7288016024e8de67fd18db693fe026fe3907581e53cd.js?body=1" for ::1 at 2017-07-08 00:00:04 -0400


Started GET "/assets/application.self-3b8dabdc891efe46b9a144b400ad69e37d7e5876bdc39dee783419a69d7ca819.js?body=1" for ::1 at 2017-07-08 00:00:04 -0400


Started GET "/" for ::1 at 2017-07-08 00:01:31 -0400
Processing by DashboardController#index as HTML
Completed 500 Internal Server Error in 2ms (ActiveRecord: 0.0ms)

NoMethodError (undefined method `external_encoding' for #<Pathname:/Users/Muffin/Code/food/config/data.yml>):
  app/controllers/dashboard_controller.rb:3:in `index'


  Rendered /Users/Muffin/.rvm/gems/ruby-2.2.0/gems/actionpack-4.2.3/lib/action_dispatch/middleware/templates/rescues/_source.erb (4.3ms)
  Rendered /Users/Muffin/.rvm/gems/ruby-2.2.0/gems/actionpack-4.2.3/lib/action_dispatch/middleware/templates/rescues/_trace.html.erb (2.1ms)
  Rendered /Users/Muffin/.rvm/gems/ruby-2.2.0/gems/actionpack-4.2.3/lib/action_dispatch/middleware/templates/rescues/_request_and_response.html.erb (0.9ms)
  Rendered /Users/Muffin/.rvm/gems/ruby-2.2.0/gems/actionpack-4.2.3/lib/action_dispatch/middleware/templates/rescues/diagnostics.html.erb within rescues/layout (77.2ms)
  Rendered /Users/Muffin/.rvm/gems/ruby-2.2.0/gems/web-console-2.3.0/lib/web_console/templates/_markup.html.erb (0.4ms)
  Rendered /Users/Muffin/.rvm/gems/ruby-2.2.0/gems/web-console-2.3.0/lib/web_console/templates/_inner_console_markup.html.erb within layouts/inlined_string (0.4ms)
  Rendered /Users/Muffin/.rvm/gems/ruby-2.2.0/gems/web-console-2.3.0/lib/web_console/templates/_prompt_box_markup.html.erb within layouts/inlined_string (0.3ms)
  Rendered /Users/Muffin/.rvm/gems/ruby-2.2.0/gems/web-console-2.3.0/lib/web_console/templates/style.css.erb within layouts/inlined_string (0.2ms)
  Rendered /Users/Muffin/.rvm/gems/ruby-2.2.0/gems/web-console-2.3.0/lib/web_console/templates/console.js.erb within layouts/javascript (68.5ms)
  Rendered /Users/Muffin/.rvm/gems/ruby-2.2.0/gems/web-console-2.3.0/lib/web_console/templates/main.js.erb within layouts/javascript (0.3ms)
  Rendered /Users/Muffin/.rvm/gems/ruby-2.2.0/gems/web-console-2.3.0/lib/web_console/templates/error_page.js.erb within layouts/javascript (0.5ms)
  Rendered /Users/Muffin/.rvm/gems/ruby-2.2.0/gems/web-console-2.3.0/lib/web_console/templates/index.html.erb (151.1ms)


Started GET "/" for ::1 at 2017-07-08 00:02:43 -0400
Processing by DashboardController#index as HTML
  Rendered dashboard/index.html.haml within layouts/application (0.1ms)
Completed 200 OK in 15ms (Views: 11.9ms | ActiveRecord: 0.0ms)


Started GET "/" for ::1 at 2017-07-08 00:09:29 -0400
Processing by DashboardController#index as HTML
Completed 500 Internal Server Error in 3ms (ActiveRecord: 0.0ms)

NoMethodError (undefined method `[]' for nil:NilClass):
  app/controllers/dashboard_controller.rb:6:in `block in index'
  app/controllers/dashboard_controller.rb:5:in `select'
  app/controllers/dashboard_controller.rb:5:in `index'


  Rendered /Users/Muffin/.rvm/gems/ruby-2.2.0/gems/actionpack-4.2.3/lib/action_dispatch/middleware/templates/rescues/_source.erb (4.5ms)
  Rendered /Users/Muffin/.rvm/gems/ruby-2.2.0/gems/actionpack-4.2.3/lib/action_dispatch/middleware/templates/rescues/_trace.html.erb (2.2ms)
  Rendered /Users/Muffin/.rvm/gems/ruby-2.2.0/gems/actionpack-4.2.3/lib/action_dispatch/middleware/templates/rescues/_request_and_response.html.erb (1.1ms)
  Rendered /Users/Muffin/.rvm/gems/ruby-2.2.0/gems/actionpack-4.2.3/lib/action_dispatch/middleware/templates/rescues/diagnostics.html.erb within rescues/layout (77.2ms)
  Rendered /Users/Muffin/.rvm/gems/ruby-2.2.0/gems/web-console-2.3.0/lib/web_console/templates/_markup.html.erb (0.3ms)
  Rendered /Users/Muffin/.rvm/gems/ruby-2.2.0/gems/web-console-2.3.0/lib/web_console/templates/_inner_console_markup.html.erb within layouts/inlined_string (0.2ms)
  Rendered /Users/Muffin/.rvm/gems/ruby-2.2.0/gems/web-console-2.3.0/lib/web_console/templates/_prompt_box_markup.html.erb within layouts/inlined_string (0.3ms)
  Rendered /Users/Muffin/.rvm/gems/ruby-2.2.0/gems/web-console-2.3.0/lib/web_console/templates/style.css.erb within layouts/inlined_string (0.2ms)
  Rendered /Users/Muffin/.rvm/gems/ruby-2.2.0/gems/web-console-2.3.0/lib/web_console/templates/console.js.erb within layouts/javascript (57.9ms)
  Rendered /Users/Muffin/.rvm/gems/ruby-2.2.0/gems/web-console-2.3.0/lib/web_console/templates/main.js.erb within layouts/javascript (0.3ms)
  Rendered /Users/Muffin/.rvm/gems/ruby-2.2.0/gems/web-console-2.3.0/lib/web_console/templates/error_page.js.erb within layouts/javascript (0.4ms)
  Rendered /Users/Muffin/.rvm/gems/ruby-2.2.0/gems/web-console-2.3.0/lib/web_console/templates/index.html.erb (125.6ms)


Started GET "/" for ::1 at 2017-07-08 00:09:59 -0400
Processing by DashboardController#index as HTML
Completed 500 Internal Server Error in 16240ms (ActiveRecord: 0.0ms)

NoMethodError (undefined method `[]' for nil:NilClass):
  app/controllers/dashboard_controller.rb:7:in `block in index'
  app/controllers/dashboard_controller.rb:5:in `select'
  app/controllers/dashboard_controller.rb:5:in `index'


  Rendered /Users/Muffin/.rvm/gems/ruby-2.2.0/gems/actionpack-4.2.3/lib/action_dispatch/middleware/templates/rescues/_source.erb (4.2ms)
  Rendered /Users/Muffin/.rvm/gems/ruby-2.2.0/gems/actionpack-4.2.3/lib/action_dispatch/middleware/templates/rescues/_trace.html.erb (1.7ms)
  Rendered /Users/Muffin/.rvm/gems/ruby-2.2.0/gems/actionpack-4.2.3/lib/action_dispatch/middleware/templates/rescues/_request_and_response.html.erb (0.8ms)
  Rendered /Users/Muffin/.rvm/gems/ruby-2.2.0/gems/actionpack-4.2.3/lib/action_dispatch/middleware/templates/rescues/diagnostics.html.erb within rescues/layout (67.8ms)
  Rendered /Users/Muffin/.rvm/gems/ruby-2.2.0/gems/web-console-2.3.0/lib/web_console/templates/_markup.html.erb (0.8ms)
  Rendered /Users/Muffin/.rvm/gems/ruby-2.2.0/gems/web-console-2.3.0/lib/web_console/templates/_inner_console_markup.html.erb within layouts/inlined_string (0.5ms)
  Rendered /Users/Muffin/.rvm/gems/ruby-2.2.0/gems/web-console-2.3.0/lib/web_console/templates/_prompt_box_markup.html.erb within layouts/inlined_string (0.7ms)
  Rendered /Users/Muffin/.rvm/gems/ruby-2.2.0/gems/web-console-2.3.0/lib/web_console/templates/style.css.erb within layouts/inlined_string (0.6ms)
  Rendered /Users/Muffin/.rvm/gems/ruby-2.2.0/gems/web-console-2.3.0/lib/web_console/templates/console.js.erb within layouts/javascript (62.7ms)
  Rendered /Users/Muffin/.rvm/gems/ruby-2.2.0/gems/web-console-2.3.0/lib/web_console/templates/main.js.erb within layouts/javascript (0.4ms)
  Rendered /Users/Muffin/.rvm/gems/ruby-2.2.0/gems/web-console-2.3.0/lib/web_console/templates/error_page.js.erb within layouts/javascript (1.0ms)
  Rendered /Users/Muffin/.rvm/gems/ruby-2.2.0/gems/web-console-2.3.0/lib/web_console/templates/index.html.erb (168.3ms)


Started GET "/" for ::1 at 2017-07-08 00:12:09 -0400
Processing by DashboardController#index as HTML
  Rendered dashboard/index.html.haml within layouts/application (1.4ms)
Completed 200 OK in 16ms (Views: 12.8ms | ActiveRecord: 0.0ms)


Started GET "/" for ::1 at 2017-07-08 00:12:46 -0400
Processing by DashboardController#index as HTML
  Rendered dashboard/index.html.haml within layouts/application (1.8ms)
Completed 200 OK in 18ms (Views: 15.1ms | ActiveRecord: 0.0ms)


Started GET "/" for ::1 at 2017-07-08 00:15:57 -0400
Processing by DashboardController#index as HTML
  Rendered dashboard/index.html.haml within layouts/application (0.1ms)
Completed 200 OK in 31ms (Views: 19.6ms | ActiveRecord: 0.0ms)


Started GET "/assets/application.self-13fccc034071610c58a43ee1c7572ea7cbae881922bf9c9adf9dadb00c755f5c.css?body=1" for ::1 at 2017-07-08 00:15:57 -0400


Started GET "/" for ::1 at 2017-07-08 00:17:05 -0400
Processing by DashboardController#index as HTML
  Rendered dashboard/index.html.haml within layouts/application (0.2ms)
Completed 200 OK in 27ms (Views: 24.1ms | ActiveRecord: 0.0ms)


Started GET "/assets/application.self-8e6c49fda9a68d24de29bd64bdc23701636c8f4d8ed1badb70af972b181b6c7f.css?body=1" for ::1 at 2017-07-08 00:17:06 -0400


Started GET "/assets/jquery.self-660adc51e0224b731d29f575a6f1ec167ba08ad06ed5deca4f1e8654c135bf4c.js?body=1" for ::1 at 2017-07-08 00:17:06 -0400


Started GET "/assets/turbolinks.self-c37727e9bd6b2735da5c311aa83fead54ed0be6cc8bd9a65309e9c5abe2cbfff.js?body=1" for ::1 at 2017-07-08 00:17:06 -0400


Started GET "/assets/jquery_ujs.self-e87806d0cf4489aeb1bb7288016024e8de67fd18db693fe026fe3907581e53cd.js?body=1" for ::1 at 2017-07-08 00:17:06 -0400


Started GET "/assets/application.self-3b8dabdc891efe46b9a144b400ad69e37d7e5876bdc39dee783419a69d7ca819.js?body=1" for ::1 at 2017-07-08 00:17:06 -0400


Started GET "/" for ::1 at 2017-07-08 00:17:53 -0400
Processing by DashboardController#index as HTML
  Rendered dashboard/index.html.haml within layouts/application (1.1ms)
Completed 200 OK in 17ms (Views: 14.6ms | ActiveRecord: 0.0ms)


Started GET "/" for ::1 at 2017-07-08 00:18:13 -0400
Processing by DashboardController#index as HTML
  Rendered dashboard/index.html.haml within layouts/application (0.2ms)
Completed 200 OK in 14ms (Views: 11.7ms | ActiveRecord: 0.0ms)


Started GET "/" for ::1 at 2017-07-08 00:18:41 -0400
Processing by DashboardController#index as HTML
  Rendered dashboard/index.html.haml within layouts/application (1.2ms)
Completed 200 OK in 17ms (Views: 14.8ms | ActiveRecord: 0.0ms)
  [1m[36m (8.8ms)[0m  [1mCREATE TABLE "schema_migrations" ("version" character varying NOT NULL) [0m
  [1m[35m (2.4ms)[0m  CREATE UNIQUE INDEX  "unique_schema_migrations" ON "schema_migrations"  ("version")
  [1m[36mActiveRecord::SchemaMigration Load (0.4ms)[0m  [1mSELECT "schema_migrations".* FROM "schema_migrations"[0m
